<?xml version="1.0" encoding="UTF-8"?>
<!-- Generated by org.testng.reporters.JUnitReportReporter -->
<testsuite skipped="0" hostname="LAPTOP-FEM2N9O3" name="com.webaite.test.DataDrivenTest" tests="10" failures="0" timestamp="26 May 2020 01:31:16 GMT" time="399.627" errors="0">
  <testcase name="negativeTest" time="31.162" classname="com.webaite.test.DataDrivenTest"/>
  <testcase name="negativeTest" time="26.169" classname="com.webaite.test.DataDrivenTest"/>
  <testcase name="negativeTest" time="24.597" classname="com.webaite.test.DataDrivenTest"/>
  <testcase name="negativeTest" time="26.652" classname="com.webaite.test.DataDrivenTest"/>
  <testcase name="negativeTest" time="31.579" classname="com.webaite.test.DataDrivenTest"/>
  <testcase name="negativeAdmin" time="55.922" classname="com.webaite.test.DataDrivenTest"/>
  <testcase name="negativeAdmin" time="45.669" classname="com.webaite.test.DataDrivenTest"/>
  <testcase name="negativeAdmin" time="59.789" classname="com.webaite.test.DataDrivenTest"/>
  <testcase name="negativeAdmin" time="47.052" classname="com.webaite.test.DataDrivenTest"/>
  <testcase name="negativeAdmin" time="51.036" classname="com.webaite.test.DataDrivenTest"/>
</testsuite> <!-- com.webaite.test.DataDrivenTest -->
