<?xml version="1.0" encoding="UTF-8"?>
<!-- Generated by org.testng.reporters.JUnitReportReporter -->
<testsuite skipped="7" hostname="LAPTOP-FEM2N9O3" name="com.webaite.test.SmokeTest" tests="8" failures="0" timestamp="26 May 2020 01:03:31 GMT" time="33.842" errors="0">
  <testcase name="makeuser" time="33.842" classname="com.webaite.test.SmokeTest"/>
  <testcase name="flight" classname="com.webaite.test.SmokeTest">
    <skipped/>
  </testcase> <!-- flight -->
  <testcase name="backend" classname="com.webaite.test.SmokeTest">
    <skipped/>
  </testcase> <!-- backend -->
  <testcase name="signup" classname="com.webaite.test.SmokeTest">
    <skipped/>
  </testcase> <!-- signup -->
  <testcase name="account" classname="com.webaite.test.SmokeTest">
    <skipped/>
  </testcase> <!-- account -->
  <testcase name="language" classname="com.webaite.test.SmokeTest">
    <skipped/>
  </testcase> <!-- language -->
  <testcase name="login" classname="com.webaite.test.SmokeTest">
    <skipped/>
  </testcase> <!-- login -->
  <testcase name="homepageaccess" classname="com.webaite.test.SmokeTest">
    <skipped/>
  </testcase> <!-- homepageaccess -->
</testsuite> <!-- com.webaite.test.SmokeTest -->
